[INFO  - 2016-10-24T08:35:48.185Z] GhostDriver - Main - running on port 9055
[INFO  - 2016-10-24T08:35:51.396Z] Session [deea36f0-99c4-11e6-bab0-8d79d2844743] - page.settings - {"XSSAuditingEnabled":false,"javascriptCanCloseWindows":true,"javascriptCanOpenWindows":true,"javascriptEnabled":true,"loadImages":true,"localToRemoteUrlAccessEnabled":false,"userAgent":"Mozilla/5.0 (Windows NT 6.2; WOW64) AppleWebKit/538.1 (KHTML, like Gecko) PhantomJS/2.1.1 Safari/538.1","webSecurityEnabled":true}
[INFO  - 2016-10-24T08:35:51.396Z] Session [deea36f0-99c4-11e6-bab0-8d79d2844743] - page.customHeaders:  - {}
[INFO  - 2016-10-24T08:35:51.396Z] Session [deea36f0-99c4-11e6-bab0-8d79d2844743] - Session.negotiatedCapabilities - {"browserName":"phantomjs","version":"2.1.1","driverName":"ghostdriver","driverVersion":"1.2.0","platform":"windows-10-32bit","javascriptEnabled":true,"takesScreenshot":true,"handlesAlerts":false,"databaseEnabled":false,"locationContextEnabled":false,"applicationCacheEnabled":false,"browserConnectionEnabled":false,"cssSelectorsEnabled":true,"webStorageEnabled":false,"rotatable":false,"acceptSslCerts":false,"nativeEvents":true,"proxy":{"proxyType":"direct"}}
[INFO  - 2016-10-24T08:35:51.396Z] SessionManagerReqHand - _postNewSessionCommand - New Session Created: deea36f0-99c4-11e6-bab0-8d79d2844743
[ERROR - 2016-10-24T08:35:51.836Z] Session [deea36f0-99c4-11e6-bab0-8d79d2844743] - page.onError - msg: ReferenceError: Can't find variable: $

  phantomjs://platform/console++.js:263 in error
[ERROR - 2016-10-24T08:35:51.837Z] Session [deea36f0-99c4-11e6-bab0-8d79d2844743] - page.onError - stack:
  global code (http://www.tianqi.com/static/js/new_rili.js:152)

  phantomjs://platform/console++.js:263 in error
[ERROR - 2016-10-24T08:35:55.689Z] Session [deea36f0-99c4-11e6-bab0-8d79d2844743] - page.onError - msg: ReferenceError: Can't find variable: idemo

  phantomjs://platform/console++.js:263 in error
[ERROR - 2016-10-24T08:35:55.690Z] Session [deea36f0-99c4-11e6-bab0-8d79d2844743] - page.onError - stack:
  global code (http://lishi.tianqi.com/dingqing/201308.html:142)

  phantomjs://platform/console++.js:263 in error
[ERROR - 2016-10-24T08:35:55.693Z] Session [deea36f0-99c4-11e6-bab0-8d79d2844743] - page.onError - msg: ReferenceError: Can't find variable: head_01

  phantomjs://platform/console++.js:263 in error
[ERROR - 2016-10-24T08:35:55.694Z] Session [deea36f0-99c4-11e6-bab0-8d79d2844743] - page.onError - stack:
  global code (http://lishi.tianqi.com/dingqing/201308.html:160)

  phantomjs://platform/console++.js:263 in error
[ERROR - 2016-10-24T08:35:55.696Z] Session [deea36f0-99c4-11e6-bab0-8d79d2844743] - page.onError - msg: ReferenceError: Can't find variable: bdshare

  phantomjs://platform/console++.js:263 in error
[ERROR - 2016-10-24T08:35:55.696Z] Session [deea36f0-99c4-11e6-bab0-8d79d2844743] - page.onError - stack:
  global code (http://lishi.tianqi.com/dingqing/201308.html:176)

  phantomjs://platform/console++.js:263 in error
[ERROR - 2016-10-24T08:35:55.696Z] Session [deea36f0-99c4-11e6-bab0-8d79d2844743] - page.onError - msg: ReferenceError: Can't find variable: lishi_index_01

  phantomjs://platform/console++.js:263 in error
[ERROR - 2016-10-24T08:35:55.696Z] Session [deea36f0-99c4-11e6-bab0-8d79d2844743] - page.onError - stack:
  global code (http://lishi.tianqi.com/dingqing/201308.html:187)

  phantomjs://platform/console++.js:263 in error
[ERROR - 2016-10-24T08:35:55.950Z] Session [deea36f0-99c4-11e6-bab0-8d79d2844743] - page.onError - msg: ReferenceError: Can't find variable: lishicity_index_0

  phantomjs://platform/console++.js:263 in error
[ERROR - 2016-10-24T08:35:55.950Z] Session [deea36f0-99c4-11e6-bab0-8d79d2844743] - page.onError - stack:
  global code (http://lishi.tianqi.com/dingqing/201308.html:674)

  phantomjs://platform/console++.js:263 in error
[ERROR - 2016-10-24T08:35:55.960Z] Session [deea36f0-99c4-11e6-bab0-8d79d2844743] - page.onError - msg: ReferenceError: Can't find variable: bottom_gg

  phantomjs://platform/console++.js:263 in error
[ERROR - 2016-10-24T08:35:55.960Z] Session [deea36f0-99c4-11e6-bab0-8d79d2844743] - page.onError - stack:
  global code (http://lishi.tianqi.com/dingqing/201308.html:807)

  phantomjs://platform/console++.js:263 in error
[ERROR - 2016-10-24T08:35:55.964Z] Session [deea36f0-99c4-11e6-bab0-8d79d2844743] - page.onError - msg: ReferenceError: Can't find variable: index_021

  phantomjs://platform/console++.js:263 in error
[ERROR - 2016-10-24T08:35:55.964Z] Session [deea36f0-99c4-11e6-bab0-8d79d2844743] - page.onError - stack:
  global code (http://lishi.tianqi.com/dingqing/201308.html:923)

  phantomjs://platform/console++.js:263 in error
